[     659ms] [WARNING] Mixed Content: The page at 'https://mp.weixin.qq.com/s/57szEUDfsbuMb9gYM9UdPw' was loaded over HTTPS, but requested an insecure element 'http://mmbiz.qpic.cn/mmbiz_png/IDOYVhG0N8F1gK09icuzryKawQVO03MSbzWzjMichzyXcztiaM9uovG3zUDRiaMcwDRGdG94PkbcHECd9lCdDnvaicw/0?wx_fmt=png'. This request was automatically upgraded to HTTPS, For more information see https://blog.chromium.org/2019/10/no-more-mixed-messages-about-https.html @ https://mp.weixin.qq.com/s/57szEUDfsbuMb9gYM9UdPw:0
[     659ms] [WARNING] Mixed Content: The page at 'https://mp.weixin.qq.com/s/57szEUDfsbuMb9gYM9UdPw' was loaded over HTTPS, but requested an insecure element 'http://mmbiz.qpic.cn/mmbiz_png/IDOYVhG0N8F1gK09icuzryKawQVO03MSbzWzjMichzyXcztiaM9uovG3zUDRiaMcwDRGdG94PkbcHECd9lCdDnvaicw/0?wx_fmt=png'. This request was automatically upgraded to HTTPS, For more information see https://blog.chromium.org/2019/10/no-more-mixed-messages-about-https.html @ https://mp.weixin.qq.com/s/57szEUDfsbuMb9gYM9UdPw:0
[     947ms] [WARNING] Mixed Content: The page at 'https://mp.weixin.qq.com/s/57szEUDfsbuMb9gYM9UdPw' was loaded over HTTPS, but requested an insecure element 'http://mmbiz.qpic.cn/mmbiz_png/IDOYVhG0N8F1gK09icuzryKawQVO03MSbzWzjMichzyXcztiaM9uovG3zUDRiaMcwDRGdG94PkbcHECd9lCdDnvaicw/0?wx_fmt=png'. This request was automatically upgraded to HTTPS, For more information see https://blog.chromium.org/2019/10/no-more-mixed-messages-about-https.html @ https://mp.weixin.qq.com/s/57szEUDfsbuMb9gYM9UdPw:4525
[     947ms] [WARNING] Mixed Content: The page at 'https://mp.weixin.qq.com/s/57szEUDfsbuMb9gYM9UdPw' was loaded over HTTPS, but requested an insecure element 'http://mmbiz.qpic.cn/mmbiz_png/IDOYVhG0N8F1gK09icuzryKawQVO03MSbzWzjMichzyXcztiaM9uovG3zUDRiaMcwDRGdG94PkbcHECd9lCdDnvaicw/0?wx_fmt=png'. This request was automatically upgraded to HTTPS, For more information see https://blog.chromium.org/2019/10/no-more-mixed-messages-about-https.html @ https://mp.weixin.qq.com/s/57szEUDfsbuMb9gYM9UdPw:4633
[    1056ms] [LOG] tingIsShow, tingHeardCnt   @ https://mp.weixin.qq.com/s/57szEUDfsbuMb9gYM9UdPw:40862
[    1062ms] [LOG] canUseStar, startPersonCnt false  @ https://mp.weixin.qq.com/s/57szEUDfsbuMb9gYM9UdPw:44210
[    1073ms] [LOG] SyntaxError: Unexpected end of JSON input
    at JSON.parse (<anonymous>)
    at __setPageContentBottomData (https://mp.weixin.qq.com/s/57szEUDfsbuMb9gYM9UdPw:45690:77)
    at https://mp.weixin.qq.com/s/57szEUDfsbuMb9gYM9UdPw:45750:5
    at https://mp.weixin.qq.com/s/57szEUDfsbuMb9gYM9UdPw:45756:3 @ https://mp.weixin.qq.com/s/57szEUDfsbuMb9gYM9UdPw:45736
[    1180ms] [LOG] support wcslplayer false @ https://res.wx.qq.com/mmbizappmsg/en_US/htmledition/js/assets/cover_next.mnwtbrjh039b9d0f.js:0
[    1186ms] [LOG] canUseStar, startPersonCnt false <%@JsEncode($user_info.appmsg_bar_data.star_num.DATA$)%> @ https://res.wx.qq.com/mmbizappmsg/en_US/htmledition/js/assets/set_star.mnwtbrjhd1f80731.js:0
[    1214ms] [LOG] in white list undefined 1776088075511 @ https://res.wx.qq.com/mmbizappmsg/en_US/htmledition/js/assets/wxwork_hidden.mnwtbrjh0eac8bdf.js:2
[    1225ms] [LOG] [Appmsg comment] start get comment data, url:/mp/appmsg_comment?action=getcomment&scene=0&appmsgid=2247645134&idx=1&__biz=Mzg4Nzc2Mjg2Ng==&comment_id=4469529500292481024&offset=0&buffer=&limit=100&send_time=&sessionid=svr_be705c165be&enterid=1776088074&top_content_id=&top_reply_id=&comment_scene=0 @ https://res.wx.qq.com/mmbizappmsg/en_US/htmledition/js/assets/appmsg_comment.mnwtbrjhb36bdf67.js:4
[    1231ms] [LOG] getIdentity========== @ https://res.wx.qq.com/mmbizappmsg/en_US/htmledition/js/assets/Identity.mnwtbrjh33e3a453.js:2
[    1233ms] [INFO] [IndexedDBAdapter] IndexedDB initialized successfully  @ https://res.wx.qq.com/mmbizappmsg/en_US/htmledition/js/assets/StreamFriendsList.mnwtbrjhd1ee2932.js:0
[    1236ms] [INFO] [图文信息] 三元组: Mzg4Nzc2Mjg2Ng== 2247645134 1 @ https://res.wx.qq.com/mmbizappmsg/en_US/htmledition/js/assets/appmsg.mnwtbrjha4f69781.js:8
[    1236ms] [INFO] [用户信息] 设备信息: 是否安卓 undefined 是否IOS undefined 是否秒开场景 undefined 系统版本 10_15 用户uin 0 是否小程序内打开 false @ https://res.wx.qq.com/mmbizappmsg/en_US/htmledition/js/assets/appmsg.mnwtbrjha4f69781.js:8
[    1237ms] [LOG] wx config web compt result [wxOpen] {err_msg: handleMPPageAction:fail_webcompt unsupported} @ https://res.wx.qq.com/mmbizappmsg/en_US/htmledition/js/assets/comm_utils.mnwtbrjhf2aea378.js:0
[    1252ms] [INFO] [(Comment, Like, Reward) Send request]: Mon Apr 13 2026 21:47:55 GMT+0800 (China Standard Time) @ https://res.wx.qq.com/mmbizappmsg/en_US/htmledition/js/assets/appmsgext.mnwtbrjh1419da9b.js:0
[    1257ms] [LOG] ======ad fontScaleCssVars change 1 1 1 @ https://res.wx.qq.com/mmbizappmsg/en_US/htmledition/js/assets/a.mnwtbrjh1a945d27.js:0
[    1271ms] [INFO] [广告发送请求] 是否拉取广告 0 @ https://res.wx.qq.com/mmbizappmsg/en_US/htmledition/js/assets/StreamFriendsList.mnwtbrjhd1ee2932.js:0
[    1272ms] [INFO] [强制广告] 是否强制去掉广告 0 @ https://res.wx.qq.com/mmbizappmsg/en_US/htmledition/js/assets/StreamFriendsList.mnwtbrjhd1ee2932.js:0
[    1273ms] [LOG] getAppidInfo {canJumpOnTap: false, isNonWechat: true, data: null, appidInfoResp: null, appidInfoCatchErr: null} @ https://res.wx.qq.com/mmbizappmsg/en_US/htmledition/js/assets/event.mnwtbrjh5e9b8931.js:0
[    1274ms] [LOG] [PagePos] init entry @ https://res.wx.qq.com/mmbizappmsg/en_US/htmledition/js/assets/appmsg.mnwtbrjha4f69781.js:8
[    1274ms] [LOG] [PagePos] init call @ https://res.wx.qq.com/mmbizappmsg/en_US/htmledition/js/assets/page_pos.mnwtbrjhc0da6d16.js:0
[    1282ms] [LOG] [PagePos] commReport leaveReport addReport @ https://res.wx.qq.com/mmbizappmsg/en_US/htmledition/js/assets/page_pos.mnwtbrjhc0da6d16.js:0
[    1286ms] [LOG] [Appmsg comment] start get comment data, url:/mp/appmsg_comment?action=getcomment&scene=0&appmsgid=2247645134&idx=1&__biz=Mzg4Nzc2Mjg2Ng==&comment_id=4469529500292481024&offset=0&buffer=&limit=100&send_time=&sessionid=svr_be705c165be&enterid=1776088074&top_content_id=&top_reply_id=&comment_scene=0 @ https://res.wx.qq.com/mmbizappmsg/en_US/htmledition/js/assets/appmsg_comment.mnwtbrjhb36bdf67.js:4
[    1287ms] [WARNING] Mixed Content: The page at 'https://mp.weixin.qq.com/s/57szEUDfsbuMb9gYM9UdPw' was loaded over HTTPS, but requested an insecure element 'http://mmbiz.qpic.cn/mmbiz_png/IDOYVhG0N8F1gK09icuzryKawQVO03MSbzWzjMichzyXcztiaM9uovG3zUDRiaMcwDRGdG94PkbcHECd9lCdDnvaicw/300?wx_fmt=png&wxfrom=19'. This request was automatically upgraded to HTTPS, For more information see https://blog.chromium.org/2019/10/no-more-mixed-messages-about-https.html @ https://mp.weixin.qq.com/s/57szEUDfsbuMb9gYM9UdPw:0
[    1287ms] [WARNING] Mixed Content: The page at 'https://mp.weixin.qq.com/s/57szEUDfsbuMb9gYM9UdPw' was loaded over HTTPS, but requested an insecure element 'http://mmbiz.qpic.cn/mmbiz_png/IDOYVhG0N8F1gK09icuzryKawQVO03MSbzWzjMichzyXcztiaM9uovG3zUDRiaMcwDRGdG94PkbcHECd9lCdDnvaicw/300?wx_fmt=png&wxfrom=18'. This request was automatically upgraded to HTTPS, For more information see https://blog.chromium.org/2019/10/no-more-mixed-messages-about-https.html @ https://mp.weixin.qq.com/s/57szEUDfsbuMb9gYM9UdPw:0
[    1304ms] [INFO] [currentMpInfo]set url {interaction_url: , underline_url: } @ https://res.wx.qq.com/mmbizappmsg/en_US/htmledition/js/assets/appmsg.mnwtbrjha4f69781.js:8
[    1320ms] [LOG] https://mmbiz.qpic.cn/sz_mmbiz_gif/IDOYVhG0N8FWcYvH78KnL4RhjSsoapKAHxwuzKXADicxXXApbgSy5jqw9UJKc6kDZUGTCyTLkgcOnTocQeMibMgw/640?wx_fmt=gif&wxfrom=5&wx_lazy=1&wx_co=1&tp=webp#imgIndex=0 img false https://mmbiz.qpic.cn/sz_mmbiz_gif/IDOYVhG0N8FWcYvH78KnL4RhjSsoapKAHxwuzKXADicxXXApbgSy5jqw9UJKc6kDZUGTCyTLkgcOnTocQeMibMgw/640?wx_fmt=gif&wxfrom=5&wx_lazy=1&wx_co=1#imgIndex=0 @ https://res.wx.qq.com/mmbizappmsg/en_US/htmledition/js/assets/appmsg.mnwtbrjha4f69781.js:2
[    1320ms] [LOG] https://mmbiz.qpic.cn/mmbiz_jpg/3Yv2RPG6ZUdxGvUrxmTwK6zyAaXDuzGYmv2FSvuRnJmHKpSIQLtsRjRl6EvVcFgNgrIZ1krNBPIDtKdv2SsJXA4kPup73CWN7xoE9Kz06eo/640?wx_fmt=jpeg&from=appmsg&tp=webp&wxfrom=5&wx_lazy=1#imgIndex=3 img true https://mmbiz.qpic.cn/mmbiz_jpg/3Yv2RPG6ZUdxGvUrxmTwK6zyAaXDuzGYmv2FSvuRnJmHKpSIQLtsRjRl6EvVcFgNgrIZ1krNBPIDtKdv2SsJXA4kPup73CWN7xoE9Kz06eo/640?wx_fmt=jpeg&from=appmsg#imgIndex=3 @ https://res.wx.qq.com/mmbizappmsg/en_US/htmledition/js/assets/appmsg.mnwtbrjha4f69781.js:2
[    1320ms] [LOG] https://mmbiz.qpic.cn/mmbiz_png/3Yv2RPG6ZUfXOP5NnzP2voicY6q43pturbxMc5QklONg2GrZTt6J28lrvAJAVRE3KicwlWUOaxDCnQa0zH9LEoibicouicML4XfTAqyG4gczqKwE/640?wx_fmt=png&from=appmsg&tp=webp&wxfrom=5&wx_lazy=1#imgIndex=4 img false https://mmbiz.qpic.cn/mmbiz_png/3Yv2RPG6ZUfXOP5NnzP2voicY6q43pturbxMc5QklONg2GrZTt6J28lrvAJAVRE3KicwlWUOaxDCnQa0zH9LEoibicouicML4XfTAqyG4gczqKwE/640?wx_fmt=png&from=appmsg#imgIndex=4 @ https://res.wx.qq.com/mmbizappmsg/en_US/htmledition/js/assets/appmsg.mnwtbrjha4f69781.js:2
[    1331ms] [LOG] [comm_report] reportjson:  {CgiPath: /mp/appmsg_comment, Action: getidentitylist, Query: ?action=getidentitylist&scene=0&register=0&uin=&ke…%3D&appmsg_token=&x5=0&f=json&user_article_role=0, PostData: , Method: GET} @ https://res.wx.qq.com/mmbizappmsg/en_US/htmledition/js/assets/comm_utils.mnwtbrjhf2aea378.js:0
[    1331ms] [LOG] [comm_report] reportjson:  {CgiPath: /mp/appmsg_comment, Action: getcomment, Query: ?action=getcomment&scene=0&appmsgid=2247645134&idx…%3D&appmsg_token=&x5=0&f=json&user_article_role=0, PostData: , Method: GET} @ https://res.wx.qq.com/mmbizappmsg/en_US/htmledition/js/assets/comm_utils.mnwtbrjhf2aea378.js:0
[    1334ms] [LOG] [comm_report] reportjson:  {CgiPath: /mp/appmsg_comment, Action: getsegment, Query: ?action=getsegment&appmsgid=2247645134&idx=1&comme…%3D&appmsg_token=&x5=0&f=json&user_article_role=0, PostData: modify_detail=%5B%5D&modify_detail_new=undefined&modify_time=0&linefeed_card=, Method: POST} @ https://res.wx.qq.com/mmbizappmsg/en_US/htmledition/js/assets/comm_utils.mnwtbrjhf2aea378.js:0
[    1335ms] [LOG] segmentlist:  {base_resp: Object, ret: -3, errmsg: no session, cookie_count: 0} @ https://res.wx.qq.com/mmbizappmsg/en_US/htmledition/js/assets/wxwork_hidden.mnwtbrjh0eac8bdf.js:2
[    1335ms] [LOG] [comm_report] reportjson:  {CgiPath: /mp/appmsg_comment, Action: getextracomment, Query: ?action=getextracomment&appmsgid=2247645134&idx=1&…%3D&appmsg_token=&x5=0&f=json&user_article_role=0, PostData: , Method: GET} @ https://res.wx.qq.com/mmbizappmsg/en_US/htmledition/js/assets/comm_utils.mnwtbrjhf2aea378.js:0
[    1335ms] [LOG] [reportData]:  {count: 4, reportjson0: {"CgiPath":"/mp/appmsg_comment","Action":"getident…in.qq.com","log_id":36408,"TimeStamp":1776088076}, reportjson1: {"CgiPath":"/mp/appmsg_comment","Action":"getcomme…in.qq.com","log_id":36408,"TimeStamp":1776088076}, reportjson2: {"CgiPath":"/mp/appmsg_comment","Action":"getsegme…in.qq.com","log_id":36408,"TimeStamp":1776088076}, reportjson3: {"CgiPath":"/mp/appmsg_comment","Action":"getextra…in.qq.com","log_id":36408,"TimeStamp":1776088076}} @ https://res.wx.qq.com/mmbizappmsg/en_US/htmledition/js/assets/comm_utils.mnwtbrjhf2aea378.js:0
[    1336ms] [LOG] [comm_report] reportjson:  {CgiPath: /mp/getappmsgad, Action: , Query: ?f=json&mockid=&rtx=&uin=&key=&pass_ticket=&wxtoke…%3D&appmsg_token=&x5=0&f=json&user_article_role=0, PostData: r=0.11449405565750737&appmsg_type=9&mid=2247645134…eed_ad=0&both_ad=0&pos_type_list=&vid_list=%5B%5D, Method: POST} @ https://res.wx.qq.com/mmbizappmsg/en_US/htmledition/js/assets/comm_utils.mnwtbrjhf2aea378.js:0
[    1337ms] [INFO] [广告响应请求] {base_resp: Object, ret: -3, errmsg: no session, cookie_count: 0} @ https://res.wx.qq.com/mmbizappmsg/en_US/htmledition/js/assets/StreamFriendsList.mnwtbrjhd1ee2932.js:0
[    1337ms] [LOG] [comm_report] reportjson:  {CgiPath: /mp/relatedsearchword, Action: getimagekeyword, Query: ?action=getimagekeyword&__biz=Mzg4Nzc2Mjg2Ng==&mid…%3D&appmsg_token=&x5=0&f=json&user_article_role=0, PostData: , Method: GET} @ https://res.wx.qq.com/mmbizappmsg/en_US/htmledition/js/assets/comm_utils.mnwtbrjhf2aea378.js:0
[    1338ms] [LOG] [comm_report] reportjson:  {bizuin: Mzg4Nzc2Mjg2Ng==, msgid: 2247645134, idx: 1, sessionid: svr_be705c165be, itemshowtype: 0} @ https://res.wx.qq.com/mmbizappmsg/en_US/htmledition/js/assets/comm_utils.mnwtbrjhf2aea378.js:0
[    1338ms] [LOG] [comm_report] reportjson:  {bizuin: Mzg4Nzc2Mjg2Ng==, msgid: 2247645134, idx: 1, sessionid: svr_be705c165be, itemshowtype: 0} @ https://res.wx.qq.com/mmbizappmsg/en_US/htmledition/js/assets/comm_utils.mnwtbrjhf2aea378.js:0
[    1338ms] [LOG] [reportData]:  {count: 4, reportjson0: {"CgiPath":"/mp/getappmsgad","Action":"","Query":"…in.qq.com","log_id":36408,"TimeStamp":1776088076}, reportjson1: {"CgiPath":"/mp/relatedsearchword","Action":"getim…in.qq.com","log_id":36408,"TimeStamp":1776088076}, reportjson2: {"bizuin":"Mzg4Nzc2Mjg2Ng==","msgid":2247645134,"i…xptype":"","log_id":27894,"TimeStamp":1776088076}, reportjson3: {"bizuin":"Mzg4Nzc2Mjg2Ng==","msgid":2247645134,"i…xptype":"","log_id":27894,"TimeStamp":1776088076}} @ https://res.wx.qq.com/mmbizappmsg/en_US/htmledition/js/assets/comm_utils.mnwtbrjhf2aea378.js:0
[    1338ms] [LOG] [comm_report] reportjson:  {bizuin: Mzg4Nzc2Mjg2Ng==, msgid: 2247645134, idx: 1, sessionid: svr_be705c165be, itemshowtype: 0} @ https://res.wx.qq.com/mmbizappmsg/en_US/htmledition/js/assets/comm_utils.mnwtbrjhf2aea378.js:0
[    1338ms] [LOG] [comm_report] reportjson:  {bizuin: Mzg4Nzc2Mjg2Ng==, msgid: 2247645134, idx: 1, sessionid: svr_be705c165be, itemshowtype: 0} @ https://res.wx.qq.com/mmbizappmsg/en_US/htmledition/js/assets/comm_utils.mnwtbrjhf2aea378.js:0
[    1340ms] [LOG] [comm_report] reportjson:  {CgiPath: /mp/getbizbanner, Action: , Query: ?__biz=Mzg4Nzc2Mjg2Ng==&uin=&key=&pass_ticket=&wxt…%3D&appmsg_token=&x5=0&f=json&user_article_role=0, PostData: , Method: GET} @ https://res.wx.qq.com/mmbizappmsg/en_US/htmledition/js/assets/comm_utils.mnwtbrjhf2aea378.js:0
[    1348ms] [LOG] [comm_report] reportjson:  {CgiPath: /mp/getappmsgext, Action: , Query: ?f=json&mock=&uin=&key=&pass_ticket=&wxtoken=777&d…%3D&appmsg_token=&x5=0&f=json&user_article_role=0, PostData: r=0.3993780070740053&__biz=Mzg4Nzc2Mjg2Ng%3D%3D&ap…nt_comment_id=4469529518697086983&business_type=0, Method: POST} @ https://res.wx.qq.com/mmbizappmsg/en_US/htmledition/js/assets/comm_utils.mnwtbrjhf2aea378.js:0
[    1348ms] [LOG] [reportData]:  {count: 4, reportjson0: {"bizuin":"Mzg4Nzc2Mjg2Ng==","msgid":2247645134,"i…xptype":"","log_id":27894,"TimeStamp":1776088076}, reportjson1: {"bizuin":"Mzg4Nzc2Mjg2Ng==","msgid":2247645134,"i…xptype":"","log_id":27894,"TimeStamp":1776088076}, reportjson2: {"CgiPath":"/mp/getbizbanner","Action":"","Query":…in.qq.com","log_id":36408,"TimeStamp":1776088076}, reportjson3: {"CgiPath":"/mp/getappmsgext","Action":"","Query":…in.qq.com","log_id":36408,"TimeStamp":1776088076}} @ https://res.wx.qq.com/mmbizappmsg/en_US/htmledition/js/assets/comm_utils.mnwtbrjhf2aea378.js:0
[    1348ms] [INFO] [(Comment, Like, Reward) Respond to request]: Mon Apr 13 2026 21:47:55 GMT+0800 (China Standard Time) {advertisement_info: Array(0), appmsg_album_videos: Array(0), base_resp: Object, effective_content_last_html_node: Array(0), link_component_list: Array(0)} @ https://res.wx.qq.com/mmbizappmsg/en_US/htmledition/js/assets/appmsgext.mnwtbrjh1419da9b.js:0
[    1350ms] [WARNING] window.ext_complete_success: true @ https://res.wx.qq.com/mmbizappmsg/en_US/htmledition/js/assets/appmsg.mnwtbrjha4f69781.js:2
[    1355ms] [LOG] [comm_report] reportjson:  {CgiPath: /mp/webcommreport, Action: report, Query: ?action=report&report_useruin=1&__biz=Mzg4Nzc2Mjg2…%3D&appmsg_token=&x5=0&f=json&user_article_role=0, PostData: logid=17988&buffer=%2C3887762866%2C2247645134%2C1%…2C3%2C%2C1%2C%2CMzg4Nzc2Mjg2Ng%3D%3D_2247645060_1, Method: POST} @ https://res.wx.qq.com/mmbizappmsg/en_US/htmledition/js/assets/comm_utils.mnwtbrjhf2aea378.js:0
[    1356ms] [LOG] [comm_report] reportjson:  {CgiPath: /mp/getainfo, Action: , Query: ?uin=&key=&pass_ticket=&wxtoken=777&devicetype=&cl…%3D&appmsg_token=&x5=0&f=json&user_article_role=0, PostData: req=%7B%22url%22%3A%5B%22https%3A%2F%2Fmp.weixin.q…c6a91c044%26scene%3D21%23wechat_redirect%22%5D%7D, Method: POST} @ https://res.wx.qq.com/mmbizappmsg/en_US/htmledition/js/assets/comm_utils.mnwtbrjhf2aea378.js:0
[    1362ms] [LOG] js content size change @ https://res.wx.qq.com/mmbizappmsg/en_US/htmledition/js/assets/page_pos.mnwtbrjhc0da6d16.js:0
[    1365ms] [LOG] [comm_report] reportjson:  {CgiPath: /mp/appmsg_weapp, Action: batch_get_weapp, Query: ?action=batch_get_weapp&__biz=Mzg4Nzc2Mjg2Ng%3D%3D…%3D&appmsg_token=&x5=0&f=json&user_article_role=0, PostData: , Method: GET} @ https://res.wx.qq.com/mmbizappmsg/en_US/htmledition/js/assets/comm_utils.mnwtbrjhf2aea378.js:0
[    1365ms] [LOG] weapp_common success: {appid: wxcffa2d1b946e17d7, base_resp: Object, weapp_info: Array(1)} @ https://res.wx.qq.com/mmbizappmsg/en_US/htmledition/js/assets/weapp_common.mnwtbrjhf372e384.js:0
[    1367ms] [LOG] [comm_report] reportjson:  {CgiPath: /mp/getbizbanner, Action: , Query: ?__biz=Mzg4Nzc2Mjg2Ng==&uin=&key=&pass_ticket=&wxt…%3D&appmsg_token=&x5=0&f=json&user_article_role=0, PostData: , Method: GET} @ https://res.wx.qq.com/mmbizappmsg/en_US/htmledition/js/assets/comm_utils.mnwtbrjhf2aea378.js:0
[    1367ms] [LOG] [reportData]:  {count: 4, reportjson0: {"CgiPath":"/mp/webcommreport","Action":"report","…in.qq.com","log_id":36408,"TimeStamp":1776088076}, reportjson1: {"CgiPath":"/mp/getainfo","Action":"","Query":"?ui…in.qq.com","log_id":36408,"TimeStamp":1776088076}, reportjson2: {"CgiPath":"/mp/appmsg_weapp","Action":"batch_get_…in.qq.com","log_id":36408,"TimeStamp":1776088076}, reportjson3: {"CgiPath":"/mp/getbizbanner","Action":"","Query":…in.qq.com","log_id":36408,"TimeStamp":1776088076}} @ https://res.wx.qq.com/mmbizappmsg/en_US/htmledition/js/assets/comm_utils.mnwtbrjhf2aea378.js:0
[    1368ms] [LOG] [comm_report] reportjson:  {CgiPath: /mp/appmsg_comment, Action: getcomment, Query: ?action=getcomment&scene=0&appmsgid=2247645134&idx…%3D&appmsg_token=&x5=0&f=json&user_article_role=0, PostData: , Method: GET} @ https://res.wx.qq.com/mmbizappmsg/en_US/htmledition/js/assets/comm_utils.mnwtbrjhf2aea378.js:0
[    1387ms] [LOG] getRelatedArticleList undefined @ https://res.wx.qq.com/mmbizappmsg/en_US/htmledition/js/assets/appmsg.mnwtbrjha4f69781.js:0
[    1387ms] [INFO] [StateSyncManager] State sync manager initialized successfully  @ https://res.wx.qq.com/mmbizappmsg/en_US/htmledition/js/assets/StreamFriendsList.mnwtbrjhd1ee2932.js:0
[    1523ms] [LOG] [comm_report] reportjson:  {CgiPath: /mp/appmsg_weapp, Action: batch_get_weapp, Query: ?action=batch_get_weapp&__biz=Mzg4Nzc2Mjg2Ng%3D%3D…%3D&appmsg_token=&x5=0&f=json&user_article_role=0, PostData: , Method: GET} @ https://res.wx.qq.com/mmbizappmsg/en_US/htmledition/js/assets/comm_utils.mnwtbrjhf2aea378.js:0
[    1524ms] [LOG] weapp_common success: {appid: wxcffa2d1b946e17d7, base_resp: Object, weapp_info: Array(1)} @ https://res.wx.qq.com/mmbizappmsg/en_US/htmledition/js/assets/event.mnwtbrjh5e9b8931.js:0
[    1524ms] [LOG] WeappCommon.getAppidInfo onsuccess @ https://res.wx.qq.com/mmbizappmsg/en_US/htmledition/js/assets/wxwork_hidden.mnwtbrjh0eac8bdf.js:0
[    1527ms] [LOG] OpenSDK Frame loaded, build time: 2025-11-17 11:05 @ https://open.weixin.qq.com/pcopensdk/frame:1
[    1537ms] [WARNING] <meta name="apple-mobile-web-app-capable" content="yes"> is deprecated. Please include <meta name="mobile-web-app-capable" content="yes"> @ https://mp.weixin.qq.com/s/57szEUDfsbuMb9gYM9UdPw:0
[    1958ms] [LOG] bottombar-safe-bottom 0 @ https://mp.weixin.qq.com/s/57szEUDfsbuMb9gYM9UdPw:9355
[    2286ms] [LOG] [comm_report] reportjson:  {bizuin: Mzg4Nzc2Mjg2Ng==, appmsgid: 2247645134, itemidx: 1, scene: 0, subscene: 0} @ https://res.wx.qq.com/mmbizappmsg/en_US/htmledition/js/assets/comm_utils.mnwtbrjhf2aea378.js:0
[    2286ms] [LOG] [comm_report] reportjson:  {bizuin: Mzg4Nzc2Mjg2Ng==, appmsgid: 2247645134, itemidx: 1, scene: 0, subscene: 0} @ https://res.wx.qq.com/mmbizappmsg/en_US/htmledition/js/assets/comm_utils.mnwtbrjhf2aea378.js:0
[    2287ms] [LOG] [reportData]:  {count: 4, reportjson0: {"CgiPath":"/mp/appmsg_comment","Action":"getcomme…in.qq.com","log_id":36408,"TimeStamp":1776088076}, reportjson1: {"CgiPath":"/mp/appmsg_weapp","Action":"batch_get_…in.qq.com","log_id":36408,"TimeStamp":1776088076}, reportjson2: {"bizuin":"Mzg4Nzc2Mjg2Ng==","appmsgid":2247645134…mgIndex=3","log_id":34384,"TimeStamp":1776088077}, reportjson3: {"bizuin":"Mzg4Nzc2Mjg2Ng==","appmsgid":2247645134…mgIndex=4","log_id":34384,"TimeStamp":1776088077}} @ https://res.wx.qq.com/mmbizappmsg/en_US/htmledition/js/assets/comm_utils.mnwtbrjhf2aea378.js:0
[    2287ms] [LOG] [comm_report] reportjson:  {bizuin: Mzg4Nzc2Mjg2Ng==, appmsgid: 2247645134, itemidx: 1, scene: 0, subscene: 0} @ https://res.wx.qq.com/mmbizappmsg/en_US/htmledition/js/assets/comm_utils.mnwtbrjhf2aea378.js:0
[    2332ms] [LOG] [reportData]:  {count: 1, reportjson0: {"bizuin":"Mzg4Nzc2Mjg2Ng==","appmsgid":2247645134…mgIndex=0","log_id":34384,"TimeStamp":1776088077}} @ https://res.wx.qq.com/mmbizappmsg/en_US/htmledition/js/assets/comm_utils.mnwtbrjhf2aea378.js:0
[    4385ms] [LOG] [comm_report] reportjson:  {type: 0, uin: 3887762866, bizuin: 3887762866, msgid: 2247645134, itemidx: 1} @ https://res.wx.qq.com/mmbizappmsg/en_US/htmledition/js/assets/comm_utils.mnwtbrjhf2aea378.js:0
[    4385ms] [LOG] [comm_report] reportjson:  {type: 0, uin: 3887762866, bizuin: 3887762866, msgid: 2247645134, itemidx: 1} @ https://res.wx.qq.com/mmbizappmsg/en_US/htmledition/js/assets/comm_utils.mnwtbrjhf2aea378.js:0
[    4635ms] [LOG] https://mmbiz.qpic.cn/sz_mmbiz_jpg/3Yv2RPG6ZUd7olXmHRWbMVJCA13GrW3sjDQXnSXgedUYHjq06M3OlfFQsA3dOTamglPB0OOUwXgTVg0hibdNUSK2TkUu4FRnSOhuQ2RuAsy0/640?wx_fmt=jpeg&tp=webp&wxfrom=5&wx_lazy=1#imgIndex=72 img true https://mmbiz.qpic.cn/sz_mmbiz_jpg/3Yv2RPG6ZUd7olXmHRWbMVJCA13GrW3sjDQXnSXgedUYHjq06M3OlfFQsA3dOTamglPB0OOUwXgTVg0hibdNUSK2TkUu4FRnSOhuQ2RuAsy0/640?wx_fmt=jpeg#imgIndex=72 @ https://res.wx.qq.com/mmbizappmsg/en_US/htmledition/js/assets/appmsg.mnwtbrjha4f69781.js:2
[    5386ms] [LOG] [reportData]:  {count: 2, reportjson0: {"type":0,"uin":"3887762866","bizuin":3887762866,"…rgetidx":1,"log_id":26485,"TimeStamp":1776088079}, reportjson1: {"type":0,"uin":"3887762866","bizuin":3887762866,"…rgetidx":1,"log_id":26485,"TimeStamp":1776088079}} @ https://res.wx.qq.com/mmbizappmsg/en_US/htmledition/js/assets/comm_utils.mnwtbrjhf2aea378.js:0
[    6594ms] [LOG] [comm_report] reportjson:  {CgiPath: /mp/appmsgreport, Action: page_time_5s, Query: ?action=page_time_5s&__biz=Mzg4Nzc2Mjg2Ng==&uin=&k…%3D&appmsg_token=&x5=0&f=json&user_article_role=0, PostData: report_bizuin=Mzg4Nzc2Mjg2Ng%3D%3D&title=%E5%93%B2…ype=&expsessionid=&effective_content_height=30101, Method: POST} @ https://res.wx.qq.com/mmbizappmsg/en_US/htmledition/js/assets/comm_utils.mnwtbrjhf2aea378.js:0
[    7595ms] [LOG] [reportData]:  {count: 1, reportjson0: {"CgiPath":"/mp/appmsgreport","Action":"page_time_…in.qq.com","log_id":36408,"TimeStamp":1776088081}} @ https://res.wx.qq.com/mmbizappmsg/en_US/htmledition/js/assets/comm_utils.mnwtbrjhf2aea378.js:0
[  813561ms] [LOG] [PagePos] start unloadReport @ https://res.wx.qq.com/mmbizappmsg/en_US/htmledition/js/assets/page_pos.mnwtbrjhc0da6d16.js:0
[  813563ms] [LOG] [PagePos] need unloadReport @ https://res.wx.qq.com/mmbizappmsg/en_US/htmledition/js/assets/page_pos.mnwtbrjhc0da6d16.js:0
[  813567ms] [LOG] [pagePos] reportByBeacon cookReportData {bizuin: 3887762866, title: 哲学版MBTI人格全图鉴来啦！, msgid: 2247645134, itemidx: 1, SubScene: 10000} @ https://res.wx.qq.com/mmbizappmsg/en_US/htmledition/js/assets/page_pos.mnwtbrjhc0da6d16.js:0
[  813569ms] [LOG] [comm_report] reportjson:  {bizuin: 3887762866, title: 哲学版MBTI人格全图鉴来啦！, msgid: 2247645134, itemidx: 1, SubScene: 10000} @ https://res.wx.qq.com/mmbizappmsg/en_US/htmledition/js/assets/comm_utils.mnwtbrjhf2aea378.js:0
